<?xml version="1.0" encoding="UTF-8"?>
<!-- Generated by org.testng.reporters.JUnitReportReporter -->
<testsuite hostname="mahmo" failures="0" tests="2" name="LoginTestCases" time="12.206" errors="0" timestamp="2025-02-17T12:03:49 EET" skipped="0">
  <testcase classname="LoginTestCases" name="invalid_usernameinvalid_password" time="6.892"/>
  <system-out/>
  <testcase classname="LoginTestCases" name="valid_username_valid_password" time="5.314"/>
  <system-out/>
</testsuite> <!-- LoginTestCases -->
